#0 building with "default" instance using docker driver

#1 [internal] load build definition from Dockerfile
#1 transferring dockerfile: 816B done
#1 DONE 0.0s

#2 [internal] load metadata for docker.io/jenkins/jenkins:2.430-jdk21
#2 DONE 0.0s

#3 [internal] load .dockerignore
#3 transferring context: 2B done
#3 DONE 0.0s

#4 [1/4] FROM docker.io/jenkins/jenkins:2.430-jdk21
#4 DONE 0.0s

#5 [2/4] RUN apt update && apt install -y lsb-release ca-certificates curl &&     install -m 0755 -d /etc/apt/keyrings &&     curl -fsSL https://download.docker.com/linux/debian/gpg -o /etc/apt/keyrings/docker.asc &&     chmod a+r /etc/apt/keyrings/docker.asc &&     echo "deb [arch=$(dpkg --print-architecture) signed-by=/etc/apt/keyrings/docker.asc]     https://download.docker.com/linux/debian $(. /etc/os-release && echo "$VERSION_CODENAME") stable"     | tee /etc/apt/sources.list.d/docker.list > /dev/null &&     apt-get update && apt-get install -y docker-ce-cli &&     apt-get clean && rm -rf /var/lib/apt/lists/*
#5 CACHED

#6 [3/4] RUN which jenkins-plugin-cli
#6 CACHED

#7 [4/4] RUN jenkins-plugin-cli --plugins "blueocean docker-workflow"
#7 16.83 
#7 16.83 Security warnings:
#7 16.83 credentials (1380.va_435002fa_924): SECURITY-3373 Encrypted values of credentials revealed to users with Extended Read permission https://www.jenkins.io/security/advisory/2024-10-02/#SECURITY-3373
#7 16.83 Multiple plugin prerequisites not met:
#7 16.83 
#7 16.83 github-branch-source (1807.v50351eb_7dd13) requires a greater version of Jenkins (2.440.3) than 2.430,
#7 16.83 
#7 16.83 commons-text-api (1.12.0-129.v99a_50df237f7) requires a greater version of Jenkins (2.440.3) than 2.430,
#7 16.83 
#7 16.83 workflow-multibranch (783.va_6eb_ef636fb_d) requires a greater version of Jenkins (2.444) than 2.430,
#7 16.83 
#7 16.83 joda-time-api (2.13.0-85.vb_64d1c2921f1) requires a greater version of Jenkins (2.440.3) than 2.430,
#7 16.83 
#7 16.83 git-client (5.0.3) requires a greater version of Jenkins (2.440.3) than 2.430,
#7 16.83 
#7 16.83 workflow-support (936.v9fa_77211ca_e1) requires a greater version of Jenkins (2.440.3) than 2.430,
#7 16.83 
#7 16.83 mailer (488.v0c9639c1a_eb_3) requires a greater version of Jenkins (2.440.3) than 2.430,
#7 16.83 
#7 16.83 pipeline-input-step (508.v584c0e9a_2177) requires a greater version of Jenkins (2.440.3) than 2.430,
#7 16.83 
#7 16.83 asm-api (9.7.1-95.v9f552033802a_) requires a greater version of Jenkins (2.440.3) than 2.430,
#7 16.83 
#7 16.83 caffeine-api (3.2.0-161.v691ef352cee1) requires a greater version of Jenkins (2.440.3) than 2.430,
#7 16.83 
#7 16.83 matrix-project (839.vff91cd7e3a_b_2) requires a greater version of Jenkins (2.440.3) than 2.430,
#7 16.83 
#7 16.83 git (5.5.2) requires a greater version of Jenkins (2.440.3) than 2.430,
#7 16.83 
#7 16.83 workflow-durable-task-step (1378.v6a_3e903058a_3) requires a greater version of Jenkins (2.440.1) than 2.430,
#7 16.83 
#7 16.83 ssh-credentials (349.vb_8b_6b_9709f5b_) requires a greater version of Jenkins (2.440.3) than 2.430,
#7 16.83 
#7 16.83 cloudbees-folder (6.928.v7c780211d66e) requires a greater version of Jenkins (2.444) than 2.430,
#7 16.83 
#7 16.83 durable-task (581.v299a_5609d767) requires a greater version of Jenkins (2.440.3) than 2.430,
#7 16.83 
#7 16.83 workflow-job (1400.v7fd111b_ec82f) requires a greater version of Jenkins (2.440) than 2.430,
#7 16.83 
#7 16.83 htmlpublisher (1.37) requires a greater version of Jenkins (2.440.3) than 2.430,
#7 16.83 
#7 16.83 cloudbees-bitbucket-branch-source (895.v15dc41668f03) requires a greater version of Jenkins (2.440.3) than 2.430,
#7 16.83 
#7 16.83 branch-api (2.1202.vc51412f3ed84) requires a greater version of Jenkins (2.440.3) than 2.430,
#7 16.83 
#7 16.83 workflow-api (1336.vee415d95c521) requires a greater version of Jenkins (2.440.3) than 2.430
#7 ERROR: process "/bin/sh -c jenkins-plugin-cli --plugins \"blueocean docker-workflow\"" did not complete successfully: exit code: 1
------
 > [4/4] RUN jenkins-plugin-cli --plugins "blueocean docker-workflow":
16.83 
16.83 workflow-job (1400.v7fd111b_ec82f) requires a greater version of Jenkins (2.440) than 2.430,
16.83 
16.83 htmlpublisher (1.37) requires a greater version of Jenkins (2.440.3) than 2.430,
16.83 
16.83 cloudbees-bitbucket-branch-source (895.v15dc41668f03) requires a greater version of Jenkins (2.440.3) than 2.430,
16.83 
16.83 branch-api (2.1202.vc51412f3ed84) requires a greater version of Jenkins (2.440.3) than 2.430,
16.83 
16.83 workflow-api (1336.vee415d95c521) requires a greater version of Jenkins (2.440.3) than 2.430
------
Dockerfile:14
--------------------
  12 |     USER jenkins
  13 |     RUN which jenkins-plugin-cli
  14 | >>> RUN jenkins-plugin-cli --plugins "blueocean docker-workflow"
  15 |     
--------------------
ERROR: failed to solve: process "/bin/sh -c jenkins-plugin-cli --plugins \"blueocean docker-workflow\"" did not complete successfully: exit code: 1
